<?xml version="1.0" encoding="UTF-8"?>
<testsuite xmlns:xsi="http://www.w3.org/2001/XMLSchema-instance" xsi:noNamespaceSchemaLocation="https://maven.apache.org/surefire/maven-surefire-plugin/xsd/surefire-test-report-3.0.xsd" version="3.0" name="GroupsTest.UserSystemTest" time="1.49" tests="5" errors="0" skipped="0" failures="0">
  <properties>
    <property name="java.specification.version" value="19"/>
    <property name="sun.jnu.encoding" value="UTF-8"/>
    <property name="java.class.path" value="/Users/hrishikesh/mu3_5/mu3_5/Backend/FindRight/target/test-classes:/Users/hrishikesh/mu3_5/mu3_5/Backend/FindRight/target/classes:/Users/hrishikesh/.m2/repository/org/springframework/boot/spring-boot-starter-data-jpa/3.2.3/spring-boot-starter-data-jpa-3.2.3.jar:/Users/hrishikesh/.m2/repository/org/springframework/boot/spring-boot-starter-aop/3.2.3/spring-boot-starter-aop-3.2.3.jar:/Users/hrishikesh/.m2/repository/org/springframework/spring-aop/6.1.4/spring-aop-6.1.4.jar:/Users/hrishikesh/.m2/repository/org/aspectj/aspectjweaver/1.9.21/aspectjweaver-1.9.21.jar:/Users/hrishikesh/.m2/repository/org/springframework/boot/spring-boot-starter-jdbc/3.2.3/spring-boot-starter-jdbc-3.2.3.jar:/Users/hrishikesh/.m2/repository/com/zaxxer/HikariCP/5.0.1/HikariCP-5.0.1.jar:/Users/hrishikesh/.m2/repository/org/springframework/spring-jdbc/6.1.4/spring-jdbc-6.1.4.jar:/Users/hrishikesh/.m2/repository/org/hibernate/orm/hibernate-core/6.4.4.Final/hibernate-core-6.4.4.Final.jar:/Users/hrishikesh/.m2/repository/jakarta/transaction/jakarta.transaction-api/2.0.1/jakarta.transaction-api-2.0.1.jar:/Users/hrishikesh/.m2/repository/org/jboss/logging/jboss-logging/3.5.3.Final/jboss-logging-3.5.3.Final.jar:/Users/hrishikesh/.m2/repository/org/hibernate/common/hibernate-commons-annotations/6.0.6.Final/hibernate-commons-annotations-6.0.6.Final.jar:/Users/hrishikesh/.m2/repository/io/smallrye/jandex/3.1.2/jandex-3.1.2.jar:/Users/hrishikesh/.m2/repository/com/fasterxml/classmate/1.6.0/classmate-1.6.0.jar:/Users/hrishikesh/.m2/repository/net/bytebuddy/byte-buddy/1.14.12/byte-buddy-1.14.12.jar:/Users/hrishikesh/.m2/repository/org/glassfish/jaxb/jaxb-runtime/4.0.4/jaxb-runtime-4.0.4.jar:/Users/hrishikesh/.m2/repository/org/glassfish/jaxb/jaxb-core/4.0.4/jaxb-core-4.0.4.jar:/Users/hrishikesh/.m2/repository/org/glassfish/jaxb/txw2/4.0.4/txw2-4.0.4.jar:/Users/hrishikesh/.m2/repository/com/sun/istack/istack-commons-runtime/4.1.2/istack-commons-runtime-4.1.2.jar:/Users/hrishikesh/.m2/repository/jakarta/inject/jakarta.inject-api/2.0.1/jakarta.inject-api-2.0.1.jar:/Users/hrishikesh/.m2/repository/org/antlr/antlr4-runtime/4.13.0/antlr4-runtime-4.13.0.jar:/Users/hrishikesh/.m2/repository/org/springframework/data/spring-data-jpa/3.2.3/spring-data-jpa-3.2.3.jar:/Users/hrishikesh/.m2/repository/org/springframework/data/spring-data-commons/3.2.3/spring-data-commons-3.2.3.jar:/Users/hrishikesh/.m2/repository/org/springframework/spring-orm/6.1.4/spring-orm-6.1.4.jar:/Users/hrishikesh/.m2/repository/org/springframework/spring-tx/6.1.4/spring-tx-6.1.4.jar:/Users/hrishikesh/.m2/repository/jakarta/annotation/jakarta.annotation-api/2.1.1/jakarta.annotation-api-2.1.1.jar:/Users/hrishikesh/.m2/repository/org/slf4j/slf4j-api/2.0.12/slf4j-api-2.0.12.jar:/Users/hrishikesh/.m2/repository/org/springframework/spring-aspects/6.1.4/spring-aspects-6.1.4.jar:/Users/hrishikesh/.m2/repository/org/springframework/boot/spring-boot-starter-web/3.2.3/spring-boot-starter-web-3.2.3.jar:/Users/hrishikesh/.m2/repository/org/springframework/boot/spring-boot-starter/3.2.3/spring-boot-starter-3.2.3.jar:/Users/hrishikesh/.m2/repository/org/springframework/boot/spring-boot/3.2.3/spring-boot-3.2.3.jar:/Users/hrishikesh/.m2/repository/org/springframework/boot/spring-boot-autoconfigure/3.2.3/spring-boot-autoconfigure-3.2.3.jar:/Users/hrishikesh/.m2/repository/org/springframework/boot/spring-boot-starter-logging/3.2.3/spring-boot-starter-logging-3.2.3.jar:/Users/hrishikesh/.m2/repository/ch/qos/logback/logback-classic/1.4.14/logback-classic-1.4.14.jar:/Users/hrishikesh/.m2/repository/ch/qos/logback/logback-core/1.4.14/logback-core-1.4.14.jar:/Users/hrishikesh/.m2/repository/org/apache/logging/log4j/log4j-to-slf4j/2.21.1/log4j-to-slf4j-2.21.1.jar:/Users/hrishikesh/.m2/repository/org/apache/logging/log4j/log4j-api/2.21.1/log4j-api-2.21.1.jar:/Users/hrishikesh/.m2/repository/org/slf4j/jul-to-slf4j/2.0.12/jul-to-slf4j-2.0.12.jar:/Users/hrishikesh/.m2/repository/org/yaml/snakeyaml/2.2/snakeyaml-2.2.jar:/Users/hrishikesh/.m2/repository/org/springframework/boot/spring-boot-starter-json/3.2.3/spring-boot-starter-json-3.2.3.jar:/Users/hrishikesh/.m2/repository/com/fasterxml/jackson/core/jackson-databind/2.15.4/jackson-databind-2.15.4.jar:/Users/hrishikesh/.m2/repository/com/fasterxml/jackson/core/jackson-annotations/2.15.4/jackson-annotations-2.15.4.jar:/Users/hrishikesh/.m2/repository/com/fasterxml/jackson/core/jackson-core/2.15.4/jackson-core-2.15.4.jar:/Users/hrishikesh/.m2/repository/com/fasterxml/jackson/datatype/jackson-datatype-jdk8/2.15.4/jackson-datatype-jdk8-2.15.4.jar:/Users/hrishikesh/.m2/repository/com/fasterxml/jackson/datatype/jackson-datatype-jsr310/2.15.4/jackson-datatype-jsr310-2.15.4.jar:/Users/hrishikesh/.m2/repository/com/fasterxml/jackson/module/jackson-module-parameter-names/2.15.4/jackson-module-parameter-names-2.15.4.jar:/Users/hrishikesh/.m2/repository/org/springframework/boot/spring-boot-starter-tomcat/3.2.3/spring-boot-starter-tomcat-3.2.3.jar:/Users/hrishikesh/.m2/repository/org/apache/tomcat/embed/tomcat-embed-core/10.1.19/tomcat-embed-core-10.1.19.jar:/Users/hrishikesh/.m2/repository/org/apache/tomcat/embed/tomcat-embed-el/10.1.19/tomcat-embed-el-10.1.19.jar:/Users/hrishikesh/.m2/repository/org/apache/tomcat/embed/tomcat-embed-websocket/10.1.19/tomcat-embed-websocket-10.1.19.jar:/Users/hrishikesh/.m2/repository/org/springframework/spring-webmvc/6.1.4/spring-webmvc-6.1.4.jar:/Users/hrishikesh/.m2/repository/org/springframework/spring-expression/6.1.4/spring-expression-6.1.4.jar:/Users/hrishikesh/.m2/repository/com/google/code/gson/gson/2.8.8/gson-2.8.8.jar:/Users/hrishikesh/.m2/repository/com/h2database/h2/2.2.224/h2-2.2.224.jar:/Users/hrishikesh/.m2/repository/org/springframework/boot/spring-boot-starter-mail/3.1.5/spring-boot-starter-mail-3.1.5.jar:/Users/hrishikesh/.m2/repository/org/springframework/spring-context-support/6.1.4/spring-context-support-6.1.4.jar:/Users/hrishikesh/.m2/repository/org/eclipse/angus/jakarta.mail/2.0.2/jakarta.mail-2.0.2.jar:/Users/hrishikesh/.m2/repository/jakarta/activation/jakarta.activation-api/2.1.2/jakarta.activation-api-2.1.2.jar:/Users/hrishikesh/.m2/repository/org/eclipse/angus/angus-activation/2.0.1/angus-activation-2.0.1.jar:/Users/hrishikesh/.m2/repository/org/springframework/boot/spring-boot-starter-test/3.2.3/spring-boot-starter-test-3.2.3.jar:/Users/hrishikesh/.m2/repository/org/springframework/boot/spring-boot-test/3.2.3/spring-boot-test-3.2.3.jar:/Users/hrishikesh/.m2/repository/org/springframework/boot/spring-boot-test-autoconfigure/3.2.3/spring-boot-test-autoconfigure-3.2.3.jar:/Users/hrishikesh/.m2/repository/com/jayway/jsonpath/json-path/2.9.0/json-path-2.9.0.jar:/Users/hrishikesh/.m2/repository/jakarta/xml/bind/jakarta.xml.bind-api/4.0.1/jakarta.xml.bind-api-4.0.1.jar:/Users/hrishikesh/.m2/repository/net/minidev/json-smart/2.5.0/json-smart-2.5.0.jar:/Users/hrishikesh/.m2/repository/net/minidev/accessors-smart/2.5.0/accessors-smart-2.5.0.jar:/Users/hrishikesh/.m2/repository/org/ow2/asm/asm/9.3/asm-9.3.jar:/Users/hrishikesh/.m2/repository/org/assertj/assertj-core/3.24.2/assertj-core-3.24.2.jar:/Users/hrishikesh/.m2/repository/org/awaitility/awaitility/4.2.0/awaitility-4.2.0.jar:/Users/hrishikesh/.m2/repository/org/hamcrest/hamcrest/2.2/hamcrest-2.2.jar:/Users/hrishikesh/.m2/repository/org/junit/jupiter/junit-jupiter/5.10.2/junit-jupiter-5.10.2.jar:/Users/hrishikesh/.m2/repository/org/junit/jupiter/junit-jupiter-api/5.10.2/junit-jupiter-api-5.10.2.jar:/Users/hrishikesh/.m2/repository/org/opentest4j/opentest4j/1.3.0/opentest4j-1.3.0.jar:/Users/hrishikesh/.m2/repository/org/junit/platform/junit-platform-commons/1.10.2/junit-platform-commons-1.10.2.jar:/Users/hrishikesh/.m2/repository/org/apiguardian/apiguardian-api/1.1.2/apiguardian-api-1.1.2.jar:/Users/hrishikesh/.m2/repository/org/junit/jupiter/junit-jupiter-params/5.10.2/junit-jupiter-params-5.10.2.jar:/Users/hrishikesh/.m2/repository/org/junit/jupiter/junit-jupiter-engine/5.10.2/junit-jupiter-engine-5.10.2.jar:/Users/hrishikesh/.m2/repository/org/junit/platform/junit-platform-engine/1.10.2/junit-platform-engine-1.10.2.jar:/Users/hrishikesh/.m2/repository/org/mockito/mockito-core/5.7.0/mockito-core-5.7.0.jar:/Users/hrishikesh/.m2/repository/net/bytebuddy/byte-buddy-agent/1.14.12/byte-buddy-agent-1.14.12.jar:/Users/hrishikesh/.m2/repository/org/objenesis/objenesis/3.3/objenesis-3.3.jar:/Users/hrishikesh/.m2/repository/org/mockito/mockito-junit-jupiter/5.7.0/mockito-junit-jupiter-5.7.0.jar:/Users/hrishikesh/.m2/repository/org/skyscreamer/jsonassert/1.5.1/jsonassert-1.5.1.jar:/Users/hrishikesh/.m2/repository/com/vaadin/external/google/android-json/0.0.20131108.vaadin1/android-json-0.0.20131108.vaadin1.jar:/Users/hrishikesh/.m2/repository/org/springframework/spring-core/6.1.4/spring-core-6.1.4.jar:/Users/hrishikesh/.m2/repository/org/springframework/spring-jcl/6.1.4/spring-jcl-6.1.4.jar:/Users/hrishikesh/.m2/repository/org/springframework/spring-test/6.1.4/spring-test-6.1.4.jar:/Users/hrishikesh/.m2/repository/org/xmlunit/xmlunit-core/2.9.1/xmlunit-core-2.9.1.jar:/Users/hrishikesh/.m2/repository/org/springframework/spring-web/6.1.4/spring-web-6.1.4.jar:/Users/hrishikesh/.m2/repository/org/springframework/spring-beans/6.1.4/spring-beans-6.1.4.jar:/Users/hrishikesh/.m2/repository/io/micrometer/micrometer-observation/1.12.3/micrometer-observation-1.12.3.jar:/Users/hrishikesh/.m2/repository/io/micrometer/micrometer-commons/1.12.3/micrometer-commons-1.12.3.jar:/Users/hrishikesh/.m2/repository/mysql/mysql-connector-java/8.0.28/mysql-connector-java-8.0.28.jar:/Users/hrishikesh/.m2/repository/com/google/protobuf/protobuf-java/3.11.4/protobuf-java-3.11.4.jar:/Users/hrishikesh/.m2/repository/org/springframework/boot/spring-boot-starter-websocket/3.2.3/spring-boot-starter-websocket-3.2.3.jar:/Users/hrishikesh/.m2/repository/org/springframework/spring-messaging/6.1.4/spring-messaging-6.1.4.jar:/Users/hrishikesh/.m2/repository/org/springframework/spring-websocket/6.1.4/spring-websocket-6.1.4.jar:/Users/hrishikesh/.m2/repository/org/springframework/spring-context/6.1.4/spring-context-6.1.4.jar:/Users/hrishikesh/.m2/repository/jakarta/websocket/jakarta.websocket-api/2.0.0/jakarta.websocket-api-2.0.0.jar:/Users/hrishikesh/.m2/repository/jakarta/persistence/jakarta.persistence-api/3.1.0/jakarta.persistence-api-3.1.0.jar:/Users/hrishikesh/.m2/repository/org/springdoc/springdoc-openapi-starter-webmvc-ui/2.2.0/springdoc-openapi-starter-webmvc-ui-2.2.0.jar:/Users/hrishikesh/.m2/repository/org/springdoc/springdoc-openapi-starter-webmvc-api/2.2.0/springdoc-openapi-starter-webmvc-api-2.2.0.jar:/Users/hrishikesh/.m2/repository/org/springdoc/springdoc-openapi-starter-common/2.2.0/springdoc-openapi-starter-common-2.2.0.jar:/Users/hrishikesh/.m2/repository/io/swagger/core/v3/swagger-core-jakarta/2.2.15/swagger-core-jakarta-2.2.15.jar:/Users/hrishikesh/.m2/repository/io/swagger/core/v3/swagger-annotations-jakarta/2.2.15/swagger-annotations-jakarta-2.2.15.jar:/Users/hrishikesh/.m2/repository/io/swagger/core/v3/swagger-models-jakarta/2.2.15/swagger-models-jakarta-2.2.15.jar:/Users/hrishikesh/.m2/repository/jakarta/validation/jakarta.validation-api/3.0.2/jakarta.validation-api-3.0.2.jar:/Users/hrishikesh/.m2/repository/com/fasterxml/jackson/dataformat/jackson-dataformat-yaml/2.15.4/jackson-dataformat-yaml-2.15.4.jar:/Users/hrishikesh/.m2/repository/org/webjars/swagger-ui/5.2.0/swagger-ui-5.2.0.jar:/Users/hrishikesh/.m2/repository/org/projectlombok/lombok/1.18.30/lombok-1.18.30.jar:/Users/hrishikesh/.m2/repository/io/rest-assured/rest-assured/5.3.2/rest-assured-5.3.2.jar:/Users/hrishikesh/.m2/repository/org/apache/groovy/groovy/4.0.18/groovy-4.0.18.jar:/Users/hrishikesh/.m2/repository/org/apache/groovy/groovy-xml/4.0.18/groovy-xml-4.0.18.jar:/Users/hrishikesh/.m2/repository/org/apache/httpcomponents/httpclient/4.5.13/httpclient-4.5.13.jar:/Users/hrishikesh/.m2/repository/org/apache/httpcomponents/httpcore/4.4.16/httpcore-4.4.16.jar:/Users/hrishikesh/.m2/repository/commons-logging/commons-logging/1.2/commons-logging-1.2.jar:/Users/hrishikesh/.m2/repository/commons-codec/commons-codec/1.16.1/commons-codec-1.16.1.jar:/Users/hrishikesh/.m2/repository/org/apache/httpcomponents/httpmime/4.5.13/httpmime-4.5.13.jar:/Users/hrishikesh/.m2/repository/org/ccil/cowan/tagsoup/tagsoup/1.2.1/tagsoup-1.2.1.jar:/Users/hrishikesh/.m2/repository/io/rest-assured/json-path/5.3.2/json-path-5.3.2.jar:/Users/hrishikesh/.m2/repository/org/apache/groovy/groovy-json/4.0.18/groovy-json-4.0.18.jar:/Users/hrishikesh/.m2/repository/io/rest-assured/rest-assured-common/5.3.2/rest-assured-common-5.3.2.jar:/Users/hrishikesh/.m2/repository/io/rest-assured/xml-path/5.3.2/xml-path-5.3.2.jar:/Users/hrishikesh/.m2/repository/org/apache/commons/commons-lang3/3.13.0/commons-lang3-3.13.0.jar:/Users/hrishikesh/.m2/repository/junit/junit/4.13.2/junit-4.13.2.jar:/Users/hrishikesh/.m2/repository/org/hamcrest/hamcrest-core/2.2/hamcrest-core-2.2.jar:"/>
    <property name="java.vm.vendor" value="Oracle Corporation"/>
    <property name="sun.arch.data.model" value="64"/>
    <property name="catalina.useNaming" value="false"/>
    <property name="java.vendor.url" value="https://java.oracle.com/"/>
    <property name="user.timezone" value="America/Chicago"/>
    <property name="org.jboss.logging.provider" value="slf4j"/>
    <property name="os.name" value="Mac OS X"/>
    <property name="java.vm.specification.version" value="19"/>
    <property name="sun.java.launcher" value="SUN_STANDARD"/>
    <property name="user.country" value="US"/>
    <property name="sun.boot.library.path" value="/Library/Java/JavaVirtualMachines/jdk-19.jdk/Contents/Home/lib"/>
    <property name="sun.java.command" value="/Users/hrishikesh/mu3_5/mu3_5/Backend/FindRight/target/surefire/surefirebooter-20240503100709543_3.jar /Users/hrishikesh/mu3_5/mu3_5/Backend/FindRight/target/surefire 2024-05-03T10-07-09_499-jvmRun1 surefire-20240503100709543_1tmp surefire_0-20240503100709543_2tmp"/>
    <property name="http.nonProxyHosts" value="local|*.local|169.254/16|*.169.254/16"/>
    <property name="jdk.debug" value="release"/>
    <property name="surefire.test.class.path" value="/Users/hrishikesh/mu3_5/mu3_5/Backend/FindRight/target/test-classes:/Users/hrishikesh/mu3_5/mu3_5/Backend/FindRight/target/classes:/Users/hrishikesh/.m2/repository/org/springframework/boot/spring-boot-starter-data-jpa/3.2.3/spring-boot-starter-data-jpa-3.2.3.jar:/Users/hrishikesh/.m2/repository/org/springframework/boot/spring-boot-starter-aop/3.2.3/spring-boot-starter-aop-3.2.3.jar:/Users/hrishikesh/.m2/repository/org/springframework/spring-aop/6.1.4/spring-aop-6.1.4.jar:/Users/hrishikesh/.m2/repository/org/aspectj/aspectjweaver/1.9.21/aspectjweaver-1.9.21.jar:/Users/hrishikesh/.m2/repository/org/springframework/boot/spring-boot-starter-jdbc/3.2.3/spring-boot-starter-jdbc-3.2.3.jar:/Users/hrishikesh/.m2/repository/com/zaxxer/HikariCP/5.0.1/HikariCP-5.0.1.jar:/Users/hrishikesh/.m2/repository/org/springframework/spring-jdbc/6.1.4/spring-jdbc-6.1.4.jar:/Users/hrishikesh/.m2/repository/org/hibernate/orm/hibernate-core/6.4.4.Final/hibernate-core-6.4.4.Final.jar:/Users/hrishikesh/.m2/repository/jakarta/transaction/jakarta.transaction-api/2.0.1/jakarta.transaction-api-2.0.1.jar:/Users/hrishikesh/.m2/repository/org/jboss/logging/jboss-logging/3.5.3.Final/jboss-logging-3.5.3.Final.jar:/Users/hrishikesh/.m2/repository/org/hibernate/common/hibernate-commons-annotations/6.0.6.Final/hibernate-commons-annotations-6.0.6.Final.jar:/Users/hrishikesh/.m2/repository/io/smallrye/jandex/3.1.2/jandex-3.1.2.jar:/Users/hrishikesh/.m2/repository/com/fasterxml/classmate/1.6.0/classmate-1.6.0.jar:/Users/hrishikesh/.m2/repository/net/bytebuddy/byte-buddy/1.14.12/byte-buddy-1.14.12.jar:/Users/hrishikesh/.m2/repository/org/glassfish/jaxb/jaxb-runtime/4.0.4/jaxb-runtime-4.0.4.jar:/Users/hrishikesh/.m2/repository/org/glassfish/jaxb/jaxb-core/4.0.4/jaxb-core-4.0.4.jar:/Users/hrishikesh/.m2/repository/org/glassfish/jaxb/txw2/4.0.4/txw2-4.0.4.jar:/Users/hrishikesh/.m2/repository/com/sun/istack/istack-commons-runtime/4.1.2/istack-commons-runtime-4.1.2.jar:/Users/hrishikesh/.m2/repository/jakarta/inject/jakarta.inject-api/2.0.1/jakarta.inject-api-2.0.1.jar:/Users/hrishikesh/.m2/repository/org/antlr/antlr4-runtime/4.13.0/antlr4-runtime-4.13.0.jar:/Users/hrishikesh/.m2/repository/org/springframework/data/spring-data-jpa/3.2.3/spring-data-jpa-3.2.3.jar:/Users/hrishikesh/.m2/repository/org/springframework/data/spring-data-commons/3.2.3/spring-data-commons-3.2.3.jar:/Users/hrishikesh/.m2/repository/org/springframework/spring-orm/6.1.4/spring-orm-6.1.4.jar:/Users/hrishikesh/.m2/repository/org/springframework/spring-tx/6.1.4/spring-tx-6.1.4.jar:/Users/hrishikesh/.m2/repository/jakarta/annotation/jakarta.annotation-api/2.1.1/jakarta.annotation-api-2.1.1.jar:/Users/hrishikesh/.m2/repository/org/slf4j/slf4j-api/2.0.12/slf4j-api-2.0.12.jar:/Users/hrishikesh/.m2/repository/org/springframework/spring-aspects/6.1.4/spring-aspects-6.1.4.jar:/Users/hrishikesh/.m2/repository/org/springframework/boot/spring-boot-starter-web/3.2.3/spring-boot-starter-web-3.2.3.jar:/Users/hrishikesh/.m2/repository/org/springframework/boot/spring-boot-starter/3.2.3/spring-boot-starter-3.2.3.jar:/Users/hrishikesh/.m2/repository/org/springframework/boot/spring-boot/3.2.3/spring-boot-3.2.3.jar:/Users/hrishikesh/.m2/repository/org/springframework/boot/spring-boot-autoconfigure/3.2.3/spring-boot-autoconfigure-3.2.3.jar:/Users/hrishikesh/.m2/repository/org/springframework/boot/spring-boot-starter-logging/3.2.3/spring-boot-starter-logging-3.2.3.jar:/Users/hrishikesh/.m2/repository/ch/qos/logback/logback-classic/1.4.14/logback-classic-1.4.14.jar:/Users/hrishikesh/.m2/repository/ch/qos/logback/logback-core/1.4.14/logback-core-1.4.14.jar:/Users/hrishikesh/.m2/repository/org/apache/logging/log4j/log4j-to-slf4j/2.21.1/log4j-to-slf4j-2.21.1.jar:/Users/hrishikesh/.m2/repository/org/apache/logging/log4j/log4j-api/2.21.1/log4j-api-2.21.1.jar:/Users/hrishikesh/.m2/repository/org/slf4j/jul-to-slf4j/2.0.12/jul-to-slf4j-2.0.12.jar:/Users/hrishikesh/.m2/repository/org/yaml/snakeyaml/2.2/snakeyaml-2.2.jar:/Users/hrishikesh/.m2/repository/org/springframework/boot/spring-boot-starter-json/3.2.3/spring-boot-starter-json-3.2.3.jar:/Users/hrishikesh/.m2/repository/com/fasterxml/jackson/core/jackson-databind/2.15.4/jackson-databind-2.15.4.jar:/Users/hrishikesh/.m2/repository/com/fasterxml/jackson/core/jackson-annotations/2.15.4/jackson-annotations-2.15.4.jar:/Users/hrishikesh/.m2/repository/com/fasterxml/jackson/core/jackson-core/2.15.4/jackson-core-2.15.4.jar:/Users/hrishikesh/.m2/repository/com/fasterxml/jackson/datatype/jackson-datatype-jdk8/2.15.4/jackson-datatype-jdk8-2.15.4.jar:/Users/hrishikesh/.m2/repository/com/fasterxml/jackson/datatype/jackson-datatype-jsr310/2.15.4/jackson-datatype-jsr310-2.15.4.jar:/Users/hrishikesh/.m2/repository/com/fasterxml/jackson/module/jackson-module-parameter-names/2.15.4/jackson-module-parameter-names-2.15.4.jar:/Users/hrishikesh/.m2/repository/org/springframework/boot/spring-boot-starter-tomcat/3.2.3/spring-boot-starter-tomcat-3.2.3.jar:/Users/hrishikesh/.m2/repository/org/apache/tomcat/embed/tomcat-embed-core/10.1.19/tomcat-embed-core-10.1.19.jar:/Users/hrishikesh/.m2/repository/org/apache/tomcat/embed/tomcat-embed-el/10.1.19/tomcat-embed-el-10.1.19.jar:/Users/hrishikesh/.m2/repository/org/apache/tomcat/embed/tomcat-embed-websocket/10.1.19/tomcat-embed-websocket-10.1.19.jar:/Users/hrishikesh/.m2/repository/org/springframework/spring-webmvc/6.1.4/spring-webmvc-6.1.4.jar:/Users/hrishikesh/.m2/repository/org/springframework/spring-expression/6.1.4/spring-expression-6.1.4.jar:/Users/hrishikesh/.m2/repository/com/google/code/gson/gson/2.8.8/gson-2.8.8.jar:/Users/hrishikesh/.m2/repository/com/h2database/h2/2.2.224/h2-2.2.224.jar:/Users/hrishikesh/.m2/repository/org/springframework/boot/spring-boot-starter-mail/3.1.5/spring-boot-starter-mail-3.1.5.jar:/Users/hrishikesh/.m2/repository/org/springframework/spring-context-support/6.1.4/spring-context-support-6.1.4.jar:/Users/hrishikesh/.m2/repository/org/eclipse/angus/jakarta.mail/2.0.2/jakarta.mail-2.0.2.jar:/Users/hrishikesh/.m2/repository/jakarta/activation/jakarta.activation-api/2.1.2/jakarta.activation-api-2.1.2.jar:/Users/hrishikesh/.m2/repository/org/eclipse/angus/angus-activation/2.0.1/angus-activation-2.0.1.jar:/Users/hrishikesh/.m2/repository/org/springframework/boot/spring-boot-starter-test/3.2.3/spring-boot-starter-test-3.2.3.jar:/Users/hrishikesh/.m2/repository/org/springframework/boot/spring-boot-test/3.2.3/spring-boot-test-3.2.3.jar:/Users/hrishikesh/.m2/repository/org/springframework/boot/spring-boot-test-autoconfigure/3.2.3/spring-boot-test-autoconfigure-3.2.3.jar:/Users/hrishikesh/.m2/repository/com/jayway/jsonpath/json-path/2.9.0/json-path-2.9.0.jar:/Users/hrishikesh/.m2/repository/jakarta/xml/bind/jakarta.xml.bind-api/4.0.1/jakarta.xml.bind-api-4.0.1.jar:/Users/hrishikesh/.m2/repository/net/minidev/json-smart/2.5.0/json-smart-2.5.0.jar:/Users/hrishikesh/.m2/repository/net/minidev/accessors-smart/2.5.0/accessors-smart-2.5.0.jar:/Users/hrishikesh/.m2/repository/org/ow2/asm/asm/9.3/asm-9.3.jar:/Users/hrishikesh/.m2/repository/org/assertj/assertj-core/3.24.2/assertj-core-3.24.2.jar:/Users/hrishikesh/.m2/repository/org/awaitility/awaitility/4.2.0/awaitility-4.2.0.jar:/Users/hrishikesh/.m2/repository/org/hamcrest/hamcrest/2.2/hamcrest-2.2.jar:/Users/hrishikesh/.m2/repository/org/junit/jupiter/junit-jupiter/5.10.2/junit-jupiter-5.10.2.jar:/Users/hrishikesh/.m2/repository/org/junit/jupiter/junit-jupiter-api/5.10.2/junit-jupiter-api-5.10.2.jar:/Users/hrishikesh/.m2/repository/org/opentest4j/opentest4j/1.3.0/opentest4j-1.3.0.jar:/Users/hrishikesh/.m2/repository/org/junit/platform/junit-platform-commons/1.10.2/junit-platform-commons-1.10.2.jar:/Users/hrishikesh/.m2/repository/org/apiguardian/apiguardian-api/1.1.2/apiguardian-api-1.1.2.jar:/Users/hrishikesh/.m2/repository/org/junit/jupiter/junit-jupiter-params/5.10.2/junit-jupiter-params-5.10.2.jar:/Users/hrishikesh/.m2/repository/org/junit/jupiter/junit-jupiter-engine/5.10.2/junit-jupiter-engine-5.10.2.jar:/Users/hrishikesh/.m2/repository/org/junit/platform/junit-platform-engine/1.10.2/junit-platform-engine-1.10.2.jar:/Users/hrishikesh/.m2/repository/org/mockito/mockito-core/5.7.0/mockito-core-5.7.0.jar:/Users/hrishikesh/.m2/repository/net/bytebuddy/byte-buddy-agent/1.14.12/byte-buddy-agent-1.14.12.jar:/Users/hrishikesh/.m2/repository/org/objenesis/objenesis/3.3/objenesis-3.3.jar:/Users/hrishikesh/.m2/repository/org/mockito/mockito-junit-jupiter/5.7.0/mockito-junit-jupiter-5.7.0.jar:/Users/hrishikesh/.m2/repository/org/skyscreamer/jsonassert/1.5.1/jsonassert-1.5.1.jar:/Users/hrishikesh/.m2/repository/com/vaadin/external/google/android-json/0.0.20131108.vaadin1/android-json-0.0.20131108.vaadin1.jar:/Users/hrishikesh/.m2/repository/org/springframework/spring-core/6.1.4/spring-core-6.1.4.jar:/Users/hrishikesh/.m2/repository/org/springframework/spring-jcl/6.1.4/spring-jcl-6.1.4.jar:/Users/hrishikesh/.m2/repository/org/springframework/spring-test/6.1.4/spring-test-6.1.4.jar:/Users/hrishikesh/.m2/repository/org/xmlunit/xmlunit-core/2.9.1/xmlunit-core-2.9.1.jar:/Users/hrishikesh/.m2/repository/org/springframework/spring-web/6.1.4/spring-web-6.1.4.jar:/Users/hrishikesh/.m2/repository/org/springframework/spring-beans/6.1.4/spring-beans-6.1.4.jar:/Users/hrishikesh/.m2/repository/io/micrometer/micrometer-observation/1.12.3/micrometer-observation-1.12.3.jar:/Users/hrishikesh/.m2/repository/io/micrometer/micrometer-commons/1.12.3/micrometer-commons-1.12.3.jar:/Users/hrishikesh/.m2/repository/mysql/mysql-connector-java/8.0.28/mysql-connector-java-8.0.28.jar:/Users/hrishikesh/.m2/repository/com/google/protobuf/protobuf-java/3.11.4/protobuf-java-3.11.4.jar:/Users/hrishikesh/.m2/repository/org/springframework/boot/spring-boot-starter-websocket/3.2.3/spring-boot-starter-websocket-3.2.3.jar:/Users/hrishikesh/.m2/repository/org/springframework/spring-messaging/6.1.4/spring-messaging-6.1.4.jar:/Users/hrishikesh/.m2/repository/org/springframework/spring-websocket/6.1.4/spring-websocket-6.1.4.jar:/Users/hrishikesh/.m2/repository/org/springframework/spring-context/6.1.4/spring-context-6.1.4.jar:/Users/hrishikesh/.m2/repository/jakarta/websocket/jakarta.websocket-api/2.0.0/jakarta.websocket-api-2.0.0.jar:/Users/hrishikesh/.m2/repository/jakarta/persistence/jakarta.persistence-api/3.1.0/jakarta.persistence-api-3.1.0.jar:/Users/hrishikesh/.m2/repository/org/springdoc/springdoc-openapi-starter-webmvc-ui/2.2.0/springdoc-openapi-starter-webmvc-ui-2.2.0.jar:/Users/hrishikesh/.m2/repository/org/springdoc/springdoc-openapi-starter-webmvc-api/2.2.0/springdoc-openapi-starter-webmvc-api-2.2.0.jar:/Users/hrishikesh/.m2/repository/org/springdoc/springdoc-openapi-starter-common/2.2.0/springdoc-openapi-starter-common-2.2.0.jar:/Users/hrishikesh/.m2/repository/io/swagger/core/v3/swagger-core-jakarta/2.2.15/swagger-core-jakarta-2.2.15.jar:/Users/hrishikesh/.m2/repository/io/swagger/core/v3/swagger-annotations-jakarta/2.2.15/swagger-annotations-jakarta-2.2.15.jar:/Users/hrishikesh/.m2/repository/io/swagger/core/v3/swagger-models-jakarta/2.2.15/swagger-models-jakarta-2.2.15.jar:/Users/hrishikesh/.m2/repository/jakarta/validation/jakarta.validation-api/3.0.2/jakarta.validation-api-3.0.2.jar:/Users/hrishikesh/.m2/repository/com/fasterxml/jackson/dataformat/jackson-dataformat-yaml/2.15.4/jackson-dataformat-yaml-2.15.4.jar:/Users/hrishikesh/.m2/repository/org/webjars/swagger-ui/5.2.0/swagger-ui-5.2.0.jar:/Users/hrishikesh/.m2/repository/org/projectlombok/lombok/1.18.30/lombok-1.18.30.jar:/Users/hrishikesh/.m2/repository/io/rest-assured/rest-assured/5.3.2/rest-assured-5.3.2.jar:/Users/hrishikesh/.m2/repository/org/apache/groovy/groovy/4.0.18/groovy-4.0.18.jar:/Users/hrishikesh/.m2/repository/org/apache/groovy/groovy-xml/4.0.18/groovy-xml-4.0.18.jar:/Users/hrishikesh/.m2/repository/org/apache/httpcomponents/httpclient/4.5.13/httpclient-4.5.13.jar:/Users/hrishikesh/.m2/repository/org/apache/httpcomponents/httpcore/4.4.16/httpcore-4.4.16.jar:/Users/hrishikesh/.m2/repository/commons-logging/commons-logging/1.2/commons-logging-1.2.jar:/Users/hrishikesh/.m2/repository/commons-codec/commons-codec/1.16.1/commons-codec-1.16.1.jar:/Users/hrishikesh/.m2/repository/org/apache/httpcomponents/httpmime/4.5.13/httpmime-4.5.13.jar:/Users/hrishikesh/.m2/repository/org/ccil/cowan/tagsoup/tagsoup/1.2.1/tagsoup-1.2.1.jar:/Users/hrishikesh/.m2/repository/io/rest-assured/json-path/5.3.2/json-path-5.3.2.jar:/Users/hrishikesh/.m2/repository/org/apache/groovy/groovy-json/4.0.18/groovy-json-4.0.18.jar:/Users/hrishikesh/.m2/repository/io/rest-assured/rest-assured-common/5.3.2/rest-assured-common-5.3.2.jar:/Users/hrishikesh/.m2/repository/io/rest-assured/xml-path/5.3.2/xml-path-5.3.2.jar:/Users/hrishikesh/.m2/repository/org/apache/commons/commons-lang3/3.13.0/commons-lang3-3.13.0.jar:/Users/hrishikesh/.m2/repository/junit/junit/4.13.2/junit-4.13.2.jar:/Users/hrishikesh/.m2/repository/org/hamcrest/hamcrest-core/2.2/hamcrest-core-2.2.jar:"/>
    <property name="sun.cpu.endian" value="little"/>
    <property name="user.home" value="/Users/hrishikesh"/>
    <property name="user.language" value="en"/>
    <property name="java.specification.vendor" value="Oracle Corporation"/>
    <property name="java.version.date" value="2022-10-18"/>
    <property name="java.home" value="/Library/Java/JavaVirtualMachines/jdk-19.jdk/Contents/Home"/>
    <property name="file.separator" value="/"/>
    <property name="basedir" value="/Users/hrishikesh/mu3_5/mu3_5/Backend/FindRight"/>
    <property name="java.vm.compressedOopsMode" value="Zero based"/>
    <property name="line.separator" value="&#10;"/>
    <property name="java.vm.specification.vendor" value="Oracle Corporation"/>
    <property name="java.specification.name" value="Java Platform API Specification"/>
    <property name="FILE_LOG_CHARSET" value="UTF-8"/>
    <property name="java.awt.headless" value="true"/>
    <property name="apple.awt.application.name" value="ForkedBooter"/>
    <property name="surefire.real.class.path" value="/Users/hrishikesh/mu3_5/mu3_5/Backend/FindRight/target/surefire/surefirebooter-20240503100709543_3.jar"/>
    <property name="sun.management.compiler" value="HotSpot 64-Bit Tiered Compilers"/>
    <property name="ftp.nonProxyHosts" value="local|*.local|169.254/16|*.169.254/16"/>
    <property name="java.runtime.version" value="19.0.1+10-21"/>
    <property name="user.name" value="hrishikesh"/>
    <property name="stdout.encoding" value="UTF-8"/>
    <property name="path.separator" value=":"/>
    <property name="os.version" value="14.4.1"/>
    <property name="java.runtime.name" value="Java(TM) SE Runtime Environment"/>
    <property name="file.encoding" value="UTF-8"/>
    <property name="java.vm.name" value="Java HotSpot(TM) 64-Bit Server VM"/>
    <property name="localRepository" value="/Users/hrishikesh/.m2/repository"/>
    <property name="java.vendor.url.bug" value="https://bugreport.java.com/bugreport/"/>
    <property name="java.io.tmpdir" value="/var/folders/3q/bv50_bhj6tg8ybv93hrg3zwc0000gn/T/"/>
    <property name="idea.version" value="2022.3.3"/>
    <property name="catalina.home" value="/private/var/folders/3q/bv50_bhj6tg8ybv93hrg3zwc0000gn/T/tomcat.0.10638759166197247093"/>
    <property name="com.zaxxer.hikari.pool_number" value="1"/>
    <property name="java.version" value="19.0.1"/>
    <property name="user.dir" value="/Users/hrishikesh/mu3_5/mu3_5/Backend/FindRight"/>
    <property name="os.arch" value="aarch64"/>
    <property name="java.vm.specification.name" value="Java Virtual Machine Specification"/>
    <property name="PID" value="20530"/>
    <property name="CONSOLE_LOG_CHARSET" value="UTF-8"/>
    <property name="catalina.base" value="/private/var/folders/3q/bv50_bhj6tg8ybv93hrg3zwc0000gn/T/tomcat.0.10638759166197247093"/>
    <property name="native.encoding" value="UTF-8"/>
    <property name="java.library.path" value="/Users/hrishikesh/Library/Java/Extensions:/Library/Java/Extensions:/Network/Library/Java/Extensions:/System/Library/Java/Extensions:/usr/lib/java:."/>
    <property name="java.vm.info" value="mixed mode, sharing"/>
    <property name="stderr.encoding" value="UTF-8"/>
    <property name="java.vendor" value="Oracle Corporation"/>
    <property name="java.vm.version" value="19.0.1+10-21"/>
    <property name="sun.io.unicode.encoding" value="UnicodeBig"/>
    <property name="socksNonProxyHosts" value="local|*.local|169.254/16|*.169.254/16"/>
    <property name="java.class.version" value="63.0"/>
  </properties>
  <testcase name="testGetUserFoundRequests" classname="GroupsTest.UserSystemTest" time="0.028">
    <system-out><![CDATA[Hibernate: select fr1_0.id,fr1_0.location_id,fr1_0.description,fr1_0.images_id,fr1_0.item_name,fr1_0.place,fr1_0.status,fr1_0.user_id from found_request fr1_0
Hibernate: select i1_0.id,i1_0.file_path from images i1_0 where i1_0.id=?
Hibernate: select fr1_0.id,l1_0.location_id,l1_0.location_name,fr1_0.description,i1_0.id,i1_0.file_path,fr1_0.item_name,fr1_0.place,fr1_0.status,u1_0.user_id,u1_0.academic_year,u1_0.email,i2_0.id,i2_0.file_path,u1_0.major,u1_0.password,u1_0.token,u1_0.user_name,u1_0.userotp from found_request fr1_0 left join locations l1_0 on l1_0.location_id=fr1_0.location_id left join images i1_0 on i1_0.id=fr1_0.images_id left join users u1_0 on u1_0.user_id=fr1_0.user_id left join images i2_0 on i2_0.id=u1_0.images_id where fr1_0.images_id=?
Hibernate: select pm1_0.peer_mentor_id,pm1_0.average_rating,pm1_0.course,pm1_0.major,pm1_0.name,pm1_0.user_id from peer_mentor pm1_0 where pm1_0.user_id=?
Hibernate: select lr1_0.id,l1_0.location_id,l1_0.location_name,lr1_0.description,i1_0.id,i1_0.file_path,lr1_0.item_name,lr1_0.place,lr1_0.status,u1_0.user_id,u1_0.academic_year,u1_0.email,i2_0.id,i2_0.file_path,u1_0.major,u1_0.password,u1_0.token,u1_0.user_name,u1_0.userotp from lost_request lr1_0 left join locations l1_0 on l1_0.location_id=lr1_0.location_id left join images i1_0 on i1_0.id=lr1_0.images_id left join users u1_0 on u1_0.user_id=lr1_0.user_id left join images i2_0 on i2_0.id=u1_0.images_id where lr1_0.images_id=?
Hibernate: select u1_0.user_id,u1_0.academic_year,u1_0.email,i1_0.id,i1_0.file_path,u1_0.major,u1_0.password,u1_0.token,u1_0.user_name,u1_0.userotp from users u1_0 left join images i1_0 on i1_0.id=u1_0.images_id where u1_0.images_id=?
Hibernate: select l1_0.location_id,l1_0.location_name from locations l1_0 where l1_0.location_id=?
Hibernate: select u1_0.user_id,u1_0.academic_year,u1_0.email,i1_0.id,i1_0.file_path,u1_0.major,u1_0.password,u1_0.token,u1_0.user_name,u1_0.userotp from users u1_0 left join images i1_0 on i1_0.id=u1_0.images_id where u1_0.user_id=?
Hibernate: select fr1_0.id,l1_0.location_id,l1_0.location_name,fr1_0.description,i1_0.id,i1_0.file_path,fr1_0.item_name,fr1_0.place,fr1_0.status,u1_0.user_id,u1_0.academic_year,u1_0.email,i2_0.id,i2_0.file_path,u1_0.major,u1_0.password,u1_0.token,u1_0.user_name,u1_0.userotp from found_request fr1_0 left join locations l1_0 on l1_0.location_id=fr1_0.location_id left join images i1_0 on i1_0.id=fr1_0.images_id left join users u1_0 on u1_0.user_id=fr1_0.user_id left join images i2_0 on i2_0.id=u1_0.images_id where fr1_0.images_id=?
Hibernate: select lr1_0.id,l1_0.location_id,l1_0.location_name,lr1_0.description,i1_0.id,i1_0.file_path,lr1_0.item_name,lr1_0.place,lr1_0.status,u1_0.user_id,u1_0.academic_year,u1_0.email,i2_0.id,i2_0.file_path,u1_0.major,u1_0.password,u1_0.token,u1_0.user_name,u1_0.userotp from lost_request lr1_0 left join locations l1_0 on l1_0.location_id=lr1_0.location_id left join images i1_0 on i1_0.id=lr1_0.images_id left join users u1_0 on u1_0.user_id=lr1_0.user_id left join images i2_0 on i2_0.id=u1_0.images_id where lr1_0.images_id=?
Hibernate: select pm1_0.peer_mentor_id,pm1_0.average_rating,pm1_0.course,pm1_0.major,pm1_0.name,pm1_0.user_id from peer_mentor pm1_0 where pm1_0.user_id=?
Hibernate: select i1_0.id,i1_0.file_path from images i1_0 where i1_0.id=?
Hibernate: select fr1_0.id,l1_0.location_id,l1_0.location_name,fr1_0.description,i1_0.id,i1_0.file_path,fr1_0.item_name,fr1_0.place,fr1_0.status,u1_0.user_id,u1_0.academic_year,u1_0.email,i2_0.id,i2_0.file_path,u1_0.major,u1_0.password,u1_0.token,u1_0.user_name,u1_0.userotp from found_request fr1_0 left join locations l1_0 on l1_0.location_id=fr1_0.location_id left join images i1_0 on i1_0.id=fr1_0.images_id left join users u1_0 on u1_0.user_id=fr1_0.user_id left join images i2_0 on i2_0.id=u1_0.images_id where fr1_0.images_id=?
Hibernate: select lr1_0.id,l1_0.location_id,l1_0.location_name,lr1_0.description,i1_0.id,i1_0.file_path,lr1_0.item_name,lr1_0.place,lr1_0.status,u1_0.user_id,u1_0.academic_year,u1_0.email,i2_0.id,i2_0.file_path,u1_0.major,u1_0.password,u1_0.token,u1_0.user_name,u1_0.userotp from lost_request lr1_0 left join locations l1_0 on l1_0.location_id=lr1_0.location_id left join images i1_0 on i1_0.id=lr1_0.images_id left join users u1_0 on u1_0.user_id=lr1_0.user_id left join images i2_0 on i2_0.id=u1_0.images_id where lr1_0.images_id=?
Hibernate: select u1_0.user_id,u1_0.academic_year,u1_0.email,i1_0.id,i1_0.file_path,u1_0.major,u1_0.password,u1_0.token,u1_0.user_name,u1_0.userotp from users u1_0 left join images i1_0 on i1_0.id=u1_0.images_id where u1_0.images_id=?
Hibernate: select r1_0.peer_mentor_id,r1_0.id,r1_0.comment,r1_0.stars,u1_0.user_id,u1_0.academic_year,u1_0.email,i1_0.id,i1_0.file_path,u1_0.major,u1_0.password,u1_0.token,u1_0.user_name,u1_0.userotp from reviews r1_0 left join users u1_0 on u1_0.user_id=r1_0.user_id left join images i1_0 on i1_0.id=u1_0.images_id where r1_0.peer_mentor_id=?
]]></system-out>
  </testcase>
  <testcase name="testGetAllUsers" classname="GroupsTest.UserSystemTest" time="0.051">
    <system-out><![CDATA[Hibernate: select u1_0.user_id,u1_0.academic_year,u1_0.email,u1_0.images_id,u1_0.major,u1_0.password,u1_0.token,u1_0.user_name,u1_0.userotp from users u1_0
Hibernate: select pm1_0.peer_mentor_id,pm1_0.average_rating,pm1_0.course,pm1_0.major,pm1_0.name,pm1_0.user_id from peer_mentor pm1_0 where pm1_0.user_id=?
Hibernate: select pm1_0.peer_mentor_id,pm1_0.average_rating,pm1_0.course,pm1_0.major,pm1_0.name,pm1_0.user_id from peer_mentor pm1_0 where pm1_0.user_id=?
Hibernate: select i1_0.id,i1_0.file_path from images i1_0 where i1_0.id=?
Hibernate: select fr1_0.id,l1_0.location_id,l1_0.location_name,fr1_0.description,i1_0.id,i1_0.file_path,fr1_0.item_name,fr1_0.place,fr1_0.status,u1_0.user_id,u1_0.academic_year,u1_0.email,i2_0.id,i2_0.file_path,u1_0.major,u1_0.password,u1_0.token,u1_0.user_name,u1_0.userotp from found_request fr1_0 left join locations l1_0 on l1_0.location_id=fr1_0.location_id left join images i1_0 on i1_0.id=fr1_0.images_id left join users u1_0 on u1_0.user_id=fr1_0.user_id left join images i2_0 on i2_0.id=u1_0.images_id where fr1_0.images_id=?
Hibernate: select lr1_0.id,l1_0.location_id,l1_0.location_name,lr1_0.description,i1_0.id,i1_0.file_path,lr1_0.item_name,lr1_0.place,lr1_0.status,u1_0.user_id,u1_0.academic_year,u1_0.email,i2_0.id,i2_0.file_path,u1_0.major,u1_0.password,u1_0.token,u1_0.user_name,u1_0.userotp from lost_request lr1_0 left join locations l1_0 on l1_0.location_id=lr1_0.location_id left join images i1_0 on i1_0.id=lr1_0.images_id left join users u1_0 on u1_0.user_id=lr1_0.user_id left join images i2_0 on i2_0.id=u1_0.images_id where lr1_0.images_id=?
Hibernate: select u1_0.user_id,u1_0.academic_year,u1_0.email,i1_0.id,i1_0.file_path,u1_0.major,u1_0.password,u1_0.token,u1_0.user_name,u1_0.userotp from users u1_0 left join images i1_0 on i1_0.id=u1_0.images_id where u1_0.images_id=?
Hibernate: select pm1_0.peer_mentor_id,pm1_0.average_rating,pm1_0.course,pm1_0.major,pm1_0.name,pm1_0.user_id from peer_mentor pm1_0 where pm1_0.user_id=?
Hibernate: select pm1_0.peer_mentor_id,pm1_0.average_rating,pm1_0.course,pm1_0.major,pm1_0.name,pm1_0.user_id from peer_mentor pm1_0 where pm1_0.user_id=?
Hibernate: select pm1_0.peer_mentor_id,pm1_0.average_rating,pm1_0.course,pm1_0.major,pm1_0.name,pm1_0.user_id from peer_mentor pm1_0 where pm1_0.user_id=?
Hibernate: select pm1_0.peer_mentor_id,pm1_0.average_rating,pm1_0.course,pm1_0.major,pm1_0.name,pm1_0.user_id from peer_mentor pm1_0 where pm1_0.user_id=?
Hibernate: select pm1_0.peer_mentor_id,pm1_0.average_rating,pm1_0.course,pm1_0.major,pm1_0.name,pm1_0.user_id from peer_mentor pm1_0 where pm1_0.user_id=?
Hibernate: select pm1_0.peer_mentor_id,pm1_0.average_rating,pm1_0.course,pm1_0.major,pm1_0.name,pm1_0.user_id from peer_mentor pm1_0 where pm1_0.user_id=?
Hibernate: select pm1_0.peer_mentor_id,pm1_0.average_rating,pm1_0.course,pm1_0.major,pm1_0.name,pm1_0.user_id from peer_mentor pm1_0 where pm1_0.user_id=?
Hibernate: select pm1_0.peer_mentor_id,pm1_0.average_rating,pm1_0.course,pm1_0.major,pm1_0.name,pm1_0.user_id from peer_mentor pm1_0 where pm1_0.user_id=?
Hibernate: select pm1_0.peer_mentor_id,pm1_0.average_rating,pm1_0.course,pm1_0.major,pm1_0.name,pm1_0.user_id from peer_mentor pm1_0 where pm1_0.user_id=?
Hibernate: select pm1_0.peer_mentor_id,pm1_0.average_rating,pm1_0.course,pm1_0.major,pm1_0.name,pm1_0.user_id from peer_mentor pm1_0 where pm1_0.user_id=?
Hibernate: select pm1_0.peer_mentor_id,pm1_0.average_rating,pm1_0.course,pm1_0.major,pm1_0.name,pm1_0.user_id from peer_mentor pm1_0 where pm1_0.user_id=?
Hibernate: select pm1_0.peer_mentor_id,pm1_0.average_rating,pm1_0.course,pm1_0.major,pm1_0.name,pm1_0.user_id from peer_mentor pm1_0 where pm1_0.user_id=?
Hibernate: select pm1_0.peer_mentor_id,pm1_0.average_rating,pm1_0.course,pm1_0.major,pm1_0.name,pm1_0.user_id from peer_mentor pm1_0 where pm1_0.user_id=?
Hibernate: select pm1_0.peer_mentor_id,pm1_0.average_rating,pm1_0.course,pm1_0.major,pm1_0.name,pm1_0.user_id from peer_mentor pm1_0 where pm1_0.user_id=?
Hibernate: select pm1_0.peer_mentor_id,pm1_0.average_rating,pm1_0.course,pm1_0.major,pm1_0.name,pm1_0.user_id from peer_mentor pm1_0 where pm1_0.user_id=?
Hibernate: select pm1_0.peer_mentor_id,pm1_0.average_rating,pm1_0.course,pm1_0.major,pm1_0.name,pm1_0.user_id from peer_mentor pm1_0 where pm1_0.user_id=?
Hibernate: select pm1_0.peer_mentor_id,pm1_0.average_rating,pm1_0.course,pm1_0.major,pm1_0.name,pm1_0.user_id from peer_mentor pm1_0 where pm1_0.user_id=?
Hibernate: select pm1_0.peer_mentor_id,pm1_0.average_rating,pm1_0.course,pm1_0.major,pm1_0.name,pm1_0.user_id from peer_mentor pm1_0 where pm1_0.user_id=?
Hibernate: select pm1_0.peer_mentor_id,pm1_0.average_rating,pm1_0.course,pm1_0.major,pm1_0.name,pm1_0.user_id from peer_mentor pm1_0 where pm1_0.user_id=?
Hibernate: select pm1_0.peer_mentor_id,pm1_0.average_rating,pm1_0.course,pm1_0.major,pm1_0.name,pm1_0.user_id from peer_mentor pm1_0 where pm1_0.user_id=?
Hibernate: select pm1_0.peer_mentor_id,pm1_0.average_rating,pm1_0.course,pm1_0.major,pm1_0.name,pm1_0.user_id from peer_mentor pm1_0 where pm1_0.user_id=?
Hibernate: select pm1_0.peer_mentor_id,pm1_0.average_rating,pm1_0.course,pm1_0.major,pm1_0.name,pm1_0.user_id from peer_mentor pm1_0 where pm1_0.user_id=?
Hibernate: select pm1_0.peer_mentor_id,pm1_0.average_rating,pm1_0.course,pm1_0.major,pm1_0.name,pm1_0.user_id from peer_mentor pm1_0 where pm1_0.user_id=?
Hibernate: select pm1_0.peer_mentor_id,pm1_0.average_rating,pm1_0.course,pm1_0.major,pm1_0.name,pm1_0.user_id from peer_mentor pm1_0 where pm1_0.user_id=?
Hibernate: select pm1_0.peer_mentor_id,pm1_0.average_rating,pm1_0.course,pm1_0.major,pm1_0.name,pm1_0.user_id from peer_mentor pm1_0 where pm1_0.user_id=?
Hibernate: select pm1_0.peer_mentor_id,pm1_0.average_rating,pm1_0.course,pm1_0.major,pm1_0.name,pm1_0.user_id from peer_mentor pm1_0 where pm1_0.user_id=?
Hibernate: select pm1_0.peer_mentor_id,pm1_0.average_rating,pm1_0.course,pm1_0.major,pm1_0.name,pm1_0.user_id from peer_mentor pm1_0 where pm1_0.user_id=?
Hibernate: select pm1_0.peer_mentor_id,pm1_0.average_rating,pm1_0.course,pm1_0.major,pm1_0.name,pm1_0.user_id from peer_mentor pm1_0 where pm1_0.user_id=?
Hibernate: select pm1_0.peer_mentor_id,pm1_0.average_rating,pm1_0.course,pm1_0.major,pm1_0.name,pm1_0.user_id from peer_mentor pm1_0 where pm1_0.user_id=?
Hibernate: select pm1_0.peer_mentor_id,pm1_0.average_rating,pm1_0.course,pm1_0.major,pm1_0.name,pm1_0.user_id from peer_mentor pm1_0 where pm1_0.user_id=?
Hibernate: select pm1_0.peer_mentor_id,pm1_0.average_rating,pm1_0.course,pm1_0.major,pm1_0.name,pm1_0.user_id from peer_mentor pm1_0 where pm1_0.user_id=?
Hibernate: select pm1_0.peer_mentor_id,pm1_0.average_rating,pm1_0.course,pm1_0.major,pm1_0.name,pm1_0.user_id from peer_mentor pm1_0 where pm1_0.user_id=?
Hibernate: select pm1_0.peer_mentor_id,pm1_0.average_rating,pm1_0.course,pm1_0.major,pm1_0.name,pm1_0.user_id from peer_mentor pm1_0 where pm1_0.user_id=?
Hibernate: select pm1_0.peer_mentor_id,pm1_0.average_rating,pm1_0.course,pm1_0.major,pm1_0.name,pm1_0.user_id from peer_mentor pm1_0 where pm1_0.user_id=?
Hibernate: select pm1_0.peer_mentor_id,pm1_0.average_rating,pm1_0.course,pm1_0.major,pm1_0.name,pm1_0.user_id from peer_mentor pm1_0 where pm1_0.user_id=?
Hibernate: select pm1_0.peer_mentor_id,pm1_0.average_rating,pm1_0.course,pm1_0.major,pm1_0.name,pm1_0.user_id from peer_mentor pm1_0 where pm1_0.user_id=?
Hibernate: select pm1_0.peer_mentor_id,pm1_0.average_rating,pm1_0.course,pm1_0.major,pm1_0.name,pm1_0.user_id from peer_mentor pm1_0 where pm1_0.user_id=?
Hibernate: select pm1_0.peer_mentor_id,pm1_0.average_rating,pm1_0.course,pm1_0.major,pm1_0.name,pm1_0.user_id from peer_mentor pm1_0 where pm1_0.user_id=?
Hibernate: select pm1_0.peer_mentor_id,pm1_0.average_rating,pm1_0.course,pm1_0.major,pm1_0.name,pm1_0.user_id from peer_mentor pm1_0 where pm1_0.user_id=?
Hibernate: select pm1_0.peer_mentor_id,pm1_0.average_rating,pm1_0.course,pm1_0.major,pm1_0.name,pm1_0.user_id from peer_mentor pm1_0 where pm1_0.user_id=?
Hibernate: select pm1_0.peer_mentor_id,pm1_0.average_rating,pm1_0.course,pm1_0.major,pm1_0.name,pm1_0.user_id from peer_mentor pm1_0 where pm1_0.user_id=?
Hibernate: select pm1_0.peer_mentor_id,pm1_0.average_rating,pm1_0.course,pm1_0.major,pm1_0.name,pm1_0.user_id from peer_mentor pm1_0 where pm1_0.user_id=?
Hibernate: select pm1_0.peer_mentor_id,pm1_0.average_rating,pm1_0.course,pm1_0.major,pm1_0.name,pm1_0.user_id from peer_mentor pm1_0 where pm1_0.user_id=?
Hibernate: select r1_0.peer_mentor_id,r1_0.id,r1_0.comment,r1_0.stars,u1_0.user_id,u1_0.academic_year,u1_0.email,i1_0.id,i1_0.file_path,u1_0.major,u1_0.password,u1_0.token,u1_0.user_name,u1_0.userotp from reviews r1_0 left join users u1_0 on u1_0.user_id=r1_0.user_id left join images i1_0 on i1_0.id=u1_0.images_id where r1_0.peer_mentor_id=?
Hibernate: select r1_0.peer_mentor_id,r1_0.id,r1_0.comment,r1_0.stars,u1_0.user_id,u1_0.academic_year,u1_0.email,i1_0.id,i1_0.file_path,u1_0.major,u1_0.password,u1_0.token,u1_0.user_name,u1_0.userotp from reviews r1_0 left join users u1_0 on u1_0.user_id=r1_0.user_id left join images i1_0 on i1_0.id=u1_0.images_id where r1_0.peer_mentor_id=?
Hibernate: select r1_0.peer_mentor_id,r1_0.id,r1_0.comment,r1_0.stars,u1_0.user_id,u1_0.academic_year,u1_0.email,i1_0.id,i1_0.file_path,u1_0.major,u1_0.password,u1_0.token,u1_0.user_name,u1_0.userotp from reviews r1_0 left join users u1_0 on u1_0.user_id=r1_0.user_id left join images i1_0 on i1_0.id=u1_0.images_id where r1_0.peer_mentor_id=?
]]></system-out>
  </testcase>
  <testcase name="testRegisterUser" classname="GroupsTest.UserSystemTest" time="0.019">
    <system-out><![CDATA[Hibernate: insert into users (academic_year,email,images_id,major,password,token,user_name,userotp) values (?,?,?,?,?,?,?,?)
]]></system-out>
  </testcase>
  <testcase name="testGetUserLostRequest" classname="GroupsTest.UserSystemTest" time="0.009">
    <system-out><![CDATA[Hibernate: select lr1_0.id,lr1_0.location_id,lr1_0.description,lr1_0.images_id,lr1_0.item_name,lr1_0.place,lr1_0.status,lr1_0.user_id from lost_request lr1_0
]]></system-out>
  </testcase>
  <testcase name="testGenerateOTP" classname="GroupsTest.UserSystemTest" time="1.377">
    <system-out><![CDATA[Hibernate: select u1_0.user_id,u1_0.academic_year,u1_0.email,u1_0.images_id,u1_0.major,u1_0.password,u1_0.token,u1_0.user_name,u1_0.userotp from users u1_0 where u1_0.email=?
Hibernate: select pm1_0.peer_mentor_id,pm1_0.average_rating,pm1_0.course,pm1_0.major,pm1_0.name,pm1_0.user_id from peer_mentor pm1_0 where pm1_0.user_id=?
Hibernate: update users set academic_year=?,email=?,images_id=?,major=?,password=?,token=?,user_name=?,userotp=? where user_id=?
DEBUG: Jakarta Mail version 2.1.2
DEBUG: URL jar:file:/Users/hrishikesh/.m2/repository/org/eclipse/angus/jakarta.mail/2.0.2/jakarta.mail-2.0.2.jar!/META-INF/javamail.providers
DEBUG: successfully loaded resource: jar:file:/Users/hrishikesh/.m2/repository/org/eclipse/angus/jakarta.mail/2.0.2/jakarta.mail-2.0.2.jar!/META-INF/javamail.providers
DEBUG: successfully loaded resource: /META-INF/javamail.default.providers
DEBUG: Tables of loaded providers
DEBUG: Providers Listed By Class Name: {org.eclipse.angus.mail.imap.IMAPStore=jakarta.mail.Provider[STORE,imap,org.eclipse.angus.mail.imap.IMAPStore,Oracle], org.eclipse.angus.mail.smtp.SMTPTransport=jakarta.mail.Provider[TRANSPORT,smtp,org.eclipse.angus.mail.smtp.SMTPTransport,Oracle], org.eclipse.angus.mail.pop3.POP3Store=jakarta.mail.Provider[STORE,pop3,org.eclipse.angus.mail.pop3.POP3Store,Oracle], org.eclipse.angus.mail.pop3.POP3SSLStore=jakarta.mail.Provider[STORE,pop3s,org.eclipse.angus.mail.pop3.POP3SSLStore,Oracle], org.eclipse.angus.mail.smtp.SMTPSSLTransport=jakarta.mail.Provider[TRANSPORT,smtps,org.eclipse.angus.mail.smtp.SMTPSSLTransport,Oracle], org.eclipse.angus.mail.imap.IMAPSSLStore=jakarta.mail.Provider[STORE,imaps,org.eclipse.angus.mail.imap.IMAPSSLStore,Oracle]}
DEBUG: Providers Listed By Protocol: {imap=jakarta.mail.Provider[STORE,imap,org.eclipse.angus.mail.imap.IMAPStore,Oracle], smtp=jakarta.mail.Provider[TRANSPORT,smtp,org.eclipse.angus.mail.smtp.SMTPTransport,Oracle], pop3=jakarta.mail.Provider[STORE,pop3,org.eclipse.angus.mail.pop3.POP3Store,Oracle], imaps=jakarta.mail.Provider[STORE,imaps,org.eclipse.angus.mail.imap.IMAPSSLStore,Oracle], smtps=jakarta.mail.Provider[TRANSPORT,smtps,org.eclipse.angus.mail.smtp.SMTPSSLTransport,Oracle], pop3s=jakarta.mail.Provider[STORE,pop3s,org.eclipse.angus.mail.pop3.POP3SSLStore,Oracle]}
DEBUG: successfully loaded resource: /META-INF/javamail.default.address.map
DEBUG: URL jar:file:/Users/hrishikesh/.m2/repository/org/eclipse/angus/jakarta.mail/2.0.2/jakarta.mail-2.0.2.jar!/META-INF/javamail.address.map
DEBUG: successfully loaded resource: jar:file:/Users/hrishikesh/.m2/repository/org/eclipse/angus/jakarta.mail/2.0.2/jakarta.mail-2.0.2.jar!/META-INF/javamail.address.map
DEBUG: getProvider() returning jakarta.mail.Provider[TRANSPORT,smtp,org.eclipse.angus.mail.smtp.SMTPTransport,Oracle]
DEBUG SMTP: useEhlo true, useAuth true
DEBUG SMTP: trying to connect to host "smtp.gmail.com", port 587, isSSL false
220 smtp.gmail.com ESMTP gb22-20020a056870671600b0023b7b58518esm640500oab.2 - gsmtp
DEBUG SMTP: connected to host "smtp.gmail.com", port: 587
EHLO 002269-monitor.lib.iastate.edu
250-smtp.gmail.com at your service, [129.186.252.157]
250-SIZE 35882577
250-8BITMIME
250-STARTTLS
250-ENHANCEDSTATUSCODES
250-PIPELINING
250-CHUNKING
250 SMTPUTF8
DEBUG SMTP: Found extension "SIZE", arg "35882577"
DEBUG SMTP: Found extension "8BITMIME", arg ""
DEBUG SMTP: Found extension "STARTTLS", arg ""
DEBUG SMTP: Found extension "ENHANCEDSTATUSCODES", arg ""
DEBUG SMTP: Found extension "PIPELINING", arg ""
DEBUG SMTP: Found extension "CHUNKING", arg ""
DEBUG SMTP: Found extension "SMTPUTF8", arg ""
STARTTLS
220 2.0.0 Ready to start TLS
EHLO 002269-monitor.lib.iastate.edu
250-smtp.gmail.com at your service, [129.186.252.157]
250-SIZE 35882577
250-8BITMIME
250-AUTH LOGIN PLAIN XOAUTH2 PLAIN-CLIENTTOKEN OAUTHBEARER XOAUTH
250-ENHANCEDSTATUSCODES
250-PIPELINING
250-CHUNKING
250 SMTPUTF8
DEBUG SMTP: Found extension "SIZE", arg "35882577"
DEBUG SMTP: Found extension "8BITMIME", arg ""
DEBUG SMTP: Found extension "AUTH", arg "LOGIN PLAIN XOAUTH2 PLAIN-CLIENTTOKEN OAUTHBEARER XOAUTH"
DEBUG SMTP: Found extension "ENHANCEDSTATUSCODES", arg ""
DEBUG SMTP: Found extension "PIPELINING", arg ""
DEBUG SMTP: Found extension "CHUNKING", arg ""
DEBUG SMTP: Found extension "SMTPUTF8", arg ""
DEBUG SMTP: protocolConnect login, host=smtp.gmail.com, user=findrightisu1@gmail.com, password=<non-null>
DEBUG SMTP: Attempt to authenticate using mechanisms: LOGIN PLAIN DIGEST-MD5 NTLM XOAUTH2 
DEBUG SMTP: Using mechanism LOGIN
DEBUG SMTP: AUTH LOGIN command trace suppressed
DEBUG SMTP: AUTH LOGIN succeeded
DEBUG SMTP: use8bit false
MAIL FROM:<findrightisu1@gmail.com>
250 2.1.0 OK gb22-20020a056870671600b0023b7b58518esm640500oab.2 - gsmtp
RCPT TO:<uchake@gmail.com>
250 2.1.5 OK gb22-20020a056870671600b0023b7b58518esm640500oab.2 - gsmtp
DEBUG SMTP: Verified Addresses
DEBUG SMTP:   uchake@gmail.com
DATA
354  Go ahead gb22-20020a056870671600b0023b7b58518esm640500oab.2 - gsmtp
Date: Fri, 3 May 2024 10:07:14 -0500 (CDT)
From: findrightisu1@gmail.com
To: uchake@gmail.com
Message-ID: <1852411100.0.1714748834778@002269-monitor.lib.iastate.edu>
Subject: Welcome to FindRight
MIME-Version: 1.0
Content-Type: text/plain; charset=us-ascii
Content-Transfer-Encoding: 7bit

Hey choco5
Your login OTP: 2844
Please use this number to verify
.
250 2.0.0 OK  1714748835 gb22-20020a056870671600b0023b7b58518esm640500oab.2 - gsmtp
DEBUG SMTP: message successfully delivered to mail server
QUIT
221 2.0.0 closing connection gb22-20020a056870671600b0023b7b58518esm640500oab.2 - gsmtp
]]></system-out>
  </testcase>
</testsuite>